<?xml version="1.0" encoding="UTF-8"?>
<!-- Generated by org.testng.reporters.JUnitReportReporter -->
<testsuite hostname="DESKTOP-6NU7MHK" failures="0" tests="2" name="Mudule1_LoginTest.PBLoginTest" time="37.082" errors="0" timestamp="2023-06-23T17:07:22 IST" skipped="0">
  <testcase classname="Mudule1_LoginTest.PBLoginTest" name="verifyFullName" time="18.070"/>
  <system-out/>
  <testcase classname="Mudule1_LoginTest.PBLoginTest" name="verifyFullName" time="19.012"/>
  <system-out/>
</testsuite> <!-- Mudule1_LoginTest.PBLoginTest -->
