<?xml version="1.0" encoding="UTF-8"?>
<!-- Generated by org.testng.reporters.JUnitReportReporter -->
<testsuite hostname="DESKTOP-6NU7MHK" failures="0" tests="2" name="PB_Mudule1_LoginTest.PBLoginTest1" time="37.411" errors="0" timestamp="2023-07-09T19:37:58 IST" skipped="0">
  <testcase classname="PB_Mudule1_LoginTest.PBLoginTest1" name="verifyFullName" time="19.982"/>
  <system-out/>
  <testcase classname="PB_Mudule1_LoginTest.PBLoginTest1" name="verifyText" time="17.429"/>
  <system-out/>
</testsuite> <!-- PB_Mudule1_LoginTest.PBLoginTest1 -->
